-------------------处理文件 ./test1.cnf -------------------
-------------------var_order-------------------
[[0.0, -4], [0.0, -3], [1.0, -2], [1.0, -1], [-1.0, 1], [0.0, 2], [0.0, 3], [0.0, 4]]
-------------------clauses-------------------
1 -4
1 3
2 4 -3
-------------------literals-------------------
-4
-3
-2
-1
1
2
3
4
-------------------开始求解-------------------
-------------------单位传播-------------------
当前单位文字：
don't have!
-------------------var_order-------------------
[[0.0, -4], [0.0, -3], [1.0, -2], [1.0, -1], [-1.0, 1], [0.0, 2], [0.0, 3], [0.0, 4]]
-------------------clauses-------------------
1 -4
1 3
2 4 -3
-------------------literals-------------------
-4
-3
-2
-1
1
2
3
4
-------------------i_graph-------------------
-------------------单位传播-------------------
当前单位文字：
1
文字 1 被赋为真
包含文字l的约束如下：
-------------------var_order-------------------
[[0.0, -4], [0.0, -3], [1.0, -2], [1.0, -1], [-1.0, 1], [0.0, 2], [0.0, 3], [0.0, 4]]
-------------------clauses-------------------
1 -4
1 3
2 4 -3
-------------------literals-------------------
-4
-3
-2
-1
1
2
3
4
-------------------i_graph-------------------
1 : 1 []
-------------------单位传播-------------------
当前单位文字：
-4
文字 -4 被赋为真
包含文字l的约束如下：
2 4 -3
-------------------var_order-------------------
[[0.0, -4], [0.0, -3], [1.0, -2], [1.0, -1], [-1.0, 1], [0.0, 2], [0.0, 3], [0.0, 4]]
-------------------clauses-------------------
1 -4
1 3
2 4 -3
-------------------literals-------------------
-4
-3
-2
-1
1
2
3
4
-------------------i_graph-------------------
1 : 1 []
-4 : 2 []
-------------------单位传播-------------------
当前单位文字：
-3
文字 -3 被赋为真
包含文字l的约束如下：
1 3
该约束已满足
-------------------var_order-------------------
[[0.0, -4], [0.0, -3], [1.0, -2], [1.0, -1], [-1.0, 1], [0.0, 2], [0.0, 3], [0.0, 4]]
-------------------clauses-------------------
1 -4
1 3
2 4 -3
-------------------literals-------------------
-4
-3
-2
-1
1
2
3
4
-------------------i_graph-------------------
1 : 1 []
-4 : 2 []
-3 : 3 []
True
[1, 2, -3]
